<?xml version="1.0" encoding="UTF-8"?>
<!-- Generated by org.testng.reporters.JUnitReportReporter -->
<testsuite skipped="0" hostname="DESKTOP-SHQ3D9P" name="pageClasses.LogInPage" tests="1" failures="0" timestamp="2021-03-25T10:08:00 IST" time="67.641" errors="0">
  <testcase name="LogIn" time="67.641" classname="pageClasses.LogInPage"/>
  <system-out/>
</testsuite> <!-- pageClasses.LogInPage -->
