<?xml version="1.0" encoding="UTF-8"?>
<!-- Generated by org.testng.reporters.JUnitReportReporter -->
<testsuite hostname="DESKTOP-SHQ3D9P" failures="0" tests="1" name="pageClasses.TestClass" time="15.920" errors="0" timestamp="2021-03-25T00:24:28 IST" skipped="0">
  <testcase classname="pageClasses.TestClass" name="main" time="15.920"/>
  <system-out/>
</testsuite> <!-- pageClasses.TestClass -->
